<?xml version="1.0" encoding="UTF-8"?>
<!-- Generated by org.testng.reporters.JUnitXMLReporter -->
<testsuite ignored="0" hostname="Katya-HP" failures="2" tests="2" name="PositiveTests" time="0.023" errors="0" timestamp="08 Jul 2019 19:08:13 GMT">
  <testcase classname="com.herokuapp.theinternet.LoginTests" name="positiveLoginTest" time="0.0">
    <failure type="org.testng.TestNGException" message="
Parameter &amp;apos;username&amp;apos; is required by @Test on method positiveLoginTest but has not been marked @Optional or defined
in C:\Users\Katya\eclipse-workspace\selenium-for-beginners\src\test\resources\TestSuites\LoginTests.xml">
      <![CDATA[org.testng.TestNGException: 
Parameter 'username' is required by @Test on method positiveLoginTest but has not been marked @Optional or defined
in C:\Users\Katya\eclipse-workspace\selenium-for-beginners\src\test\resources\TestSuites\LoginTests.xml
... Removed 24 stack frames]]>
    </failure>
  </testcase> <!-- positiveLoginTest -->
  <testcase classname="com.herokuapp.theinternet.LoginTests" name="negativeLoginTest" time="0.0">
    <failure type="org.testng.TestNGException" message="
Parameter &amp;apos;username&amp;apos; is required by @Test on method negativeLoginTest but has not been marked @Optional or defined
in C:\Users\Katya\eclipse-workspace\selenium-for-beginners\src\test\resources\TestSuites\LoginTests.xml">
      <![CDATA[org.testng.TestNGException: 
Parameter 'username' is required by @Test on method negativeLoginTest but has not been marked @Optional or defined
in C:\Users\Katya\eclipse-workspace\selenium-for-beginners\src\test\resources\TestSuites\LoginTests.xml
... Removed 24 stack frames]]>
    </failure>
  </testcase> <!-- negativeLoginTest -->
</testsuite> <!-- PositiveTests -->
